{
  "RSpec": {
    "coverage": {
      "/home/guy/Desktop/final_assignment/roastme-server/app/controllers/cookbook_controller.rb": {
        "lines": [
          null,
          null,
          1,
          1,
          null,
          1,
          0,
          0,
          0,
          0,
          null,
          0,
          null,
          null
        ],
        "branches": {
        }
      },
      "/home/guy/Desktop/final_assignment/roastme-server/app/controllers/application_controller.rb": {
        "lines": [
          null,
          null,
          1,
          1,
          null,
          null,
          1,
          0,
          null,
          null,
          1,
          0,
          null,
          null,
          0,
          null,
          0,
          null,
          null,
          1,
          null,
          1,
          0,
          null,
          null,
          1,
          0,
          null,
          null
        ],
        "branches": {
          "[:if, 0, 15, 4, 15, 84]": {
            "[:then, 1, 15, 4, 15, 43]": 0,
            "[:else, 2, 15, 4, 15, 84]": 0
          }
        }
      },
      "/home/guy/Desktop/final_assignment/roastme-server/app/controllers/dashboard_controller.rb": {
        "lines": [
          null,
          null,
          1,
          1,
          null,
          1,
          0,
          0,
          0,
          0,
          null,
          null,
          0,
          null,
          null
        ],
        "branches": {
        }
      },
      "/home/guy/Desktop/final_assignment/roastme-server/app/controllers/favourite_controller.rb": {
        "lines": [
          null,
          null,
          1,
          1,
          null,
          1,
          0,
          0,
          0,
          0,
          0,
          null,
          0,
          null,
          null,
          1,
          0,
          0,
          0,
          null,
          0,
          0,
          0,
          0,
          null,
          0,
          null,
          null,
          0,
          null,
          null,
          null,
          1,
          0,
          null,
          0,
          0,
          0,
          null,
          null,
          0,
          0,
          null,
          0,
          null,
          null,
          null,
          1,
          0,
          0,
          0,
          null,
          null,
          0,
          0,
          null,
          0,
          null,
          null,
          null
        ],
        "branches": {
          "[:if, 0, 23, 6, 27, 9]": {
            "[:then, 1, 24, 8, 24, 88]": 0,
            "[:else, 2, 26, 8, 26, 89]": 0
          },
          "[:if, 3, 21, 4, 30, 7]": {
            "[:then, 4, 22, 6, 27, 9]": 0,
            "[:else, 5, 29, 6, 29, 101]": 0
          },
          "[:if, 6, 41, 4, 45, 7]": {
            "[:then, 7, 42, 6, 42, 88]": 0,
            "[:else, 8, 44, 6, 44, 89]": 0
          },
          "[:if, 9, 54, 4, 58, 7]": {
            "[:then, 10, 55, 6, 55, 86]": 0,
            "[:else, 11, 57, 6, 57, 87]": 0
          }
        }
      },
      "/home/guy/Desktop/final_assignment/roastme-server/app/controllers/follow_controller.rb": {
        "lines": [
          null,
          null,
          1,
          1,
          null,
          1,
          0,
          0,
          0,
          0,
          0,
          null,
          0,
          null,
          null,
          1,
          0,
          0,
          0,
          null,
          0,
          0,
          0,
          0,
          null,
          0,
          null,
          null,
          0,
          null,
          null,
          null,
          1,
          0,
          null,
          0,
          0,
          0,
          null,
          null,
          0,
          0,
          null,
          0,
          null,
          null,
          null,
          1,
          0,
          0,
          0,
          null,
          null,
          0,
          0,
          null,
          0,
          null,
          null,
          null
        ],
        "branches": {
          "[:if, 0, 23, 6, 27, 9]": {
            "[:then, 1, 24, 8, 24, 86]": 0,
            "[:else, 2, 26, 8, 26, 87]": 0
          },
          "[:if, 3, 21, 4, 30, 7]": {
            "[:then, 4, 22, 6, 27, 9]": 0,
            "[:else, 5, 29, 6, 29, 99]": 0
          },
          "[:if, 6, 41, 4, 45, 7]": {
            "[:then, 7, 42, 6, 42, 86]": 0,
            "[:else, 8, 44, 6, 44, 87]": 0
          },
          "[:if, 9, 54, 4, 58, 7]": {
            "[:then, 10, 55, 6, 55, 84]": 0,
            "[:else, 11, 57, 6, 57, 85]": 0
          }
        }
      },
      "/home/guy/Desktop/final_assignment/roastme-server/app/controllers/home_controller.rb": {
        "lines": [
          1,
          1,
          0,
          0,
          null,
          null,
          null,
          null,
          null,
          null,
          null,
          0,
          0,
          0,
          0,
          null,
          0,
          null,
          0,
          0,
          null,
          0,
          null,
          0,
          null,
          0,
          null,
          0,
          null,
          null,
          null,
          0,
          0,
          null,
          0,
          0,
          null,
          null,
          0,
          null,
          null
        ],
        "branches": {
          "[:if, 0, 13, 4, 13, 93]": {
            "[:then, 1, 13, 4, 13, 75]": 0,
            "[:else, 2, 13, 4, 13, 93]": 0
          },
          "[:if, 3, 14, 4, 16, 7]": {
            "[:then, 4, 15, 6, 15, 99]": 0,
            "[:else, 5, 14, 4, 16, 7]": 0
          },
          "[:if, 6, 17, 4, 17, 90]": {
            "[:then, 7, 17, 4, 17, 69]": 0,
            "[:else, 8, 17, 4, 17, 90]": 0
          },
          "[:case, 9, 20, 6, 29, 9]": {
            "[:when, 10, 22, 8, 22, 50]": 0,
            "[:when, 11, 24, 8, 24, 49]": 0,
            "[:when, 12, 26, 8, 26, 44]": 0,
            "[:when, 13, 28, 8, 28, 45]": 0,
            "[:else, 14, 20, 6, 29, 9]": 0
          },
          "[:if, 15, 19, 4, 30, 7]": {
            "[:then, 16, 20, 6, 29, 9]": 0,
            "[:else, 17, 19, 4, 30, 7]": 0
          },
          "[:if, 18, 32, 4, 32, 65]": {
            "[:then, 19, 32, 4, 32, 45]": 0,
            "[:else, 20, 32, 4, 32, 65]": 0
          },
          "[:if, 21, 33, 4, 33, 68]": {
            "[:then, 22, 33, 4, 33, 47]": 0,
            "[:else, 23, 33, 4, 33, 68]": 0
          }
        }
      },
      "/home/guy/Desktop/final_assignment/roastme-server/app/controllers/ingredients_controller.rb": {
        "lines": [
          null,
          null,
          1,
          1,
          null,
          1,
          0,
          0,
          null,
          null,
          1,
          0,
          0,
          0,
          null,
          0,
          0,
          null,
          0,
          0,
          null,
          0,
          0,
          0,
          null,
          null,
          null,
          0,
          0,
          null,
          0,
          null,
          null,
          null
        ],
        "branches": {
          "[:if, 0, 16, 4, 26, 7]": {
            "[:then, 1, 17, 6, 25, 9]": 0,
            "[:else, 2, 16, 4, 26, 7]": 0
          },
          "[:if, 3, 28, 4, 32, 7]": {
            "[:then, 4, 29, 6, 29, 67]": 0,
            "[:else, 5, 31, 6, 31, 55]": 0
          }
        }
      },
      "/home/guy/Desktop/final_assignment/roastme-server/app/controllers/post_controller.rb": {
        "lines": [
          null,
          null,
          1,
          1,
          null,
          1,
          0,
          0,
          null,
          null,
          1,
          0,
          0,
          0,
          0,
          null,
          0,
          null,
          null,
          null,
          1,
          0,
          0,
          0,
          0,
          null,
          0,
          null,
          null,
          null,
          1,
          0,
          0,
          0,
          null,
          0,
          null,
          null,
          null,
          1,
          null,
          1,
          0,
          null,
          null
        ],
        "branches": {
          "[:if, 0, 13, 4, 18, 7]": {
            "[:then, 1, 14, 6, 15, 55]": 0,
            "[:else, 2, 17, 6, 17, 56]": 0
          },
          "[:if, 3, 23, 4, 28, 7]": {
            "[:then, 4, 24, 6, 25, 55]": 0,
            "[:else, 5, 27, 6, 27, 56]": 0
          },
          "[:if, 6, 33, 4, 37, 7]": {
            "[:then, 7, 34, 6, 34, 55]": 0,
            "[:else, 8, 36, 6, 36, 50]": 0
          }
        }
      },
      "/home/guy/Desktop/final_assignment/roastme-server/app/controllers/profile_controller.rb": {
        "lines": [
          null,
          null,
          1,
          1,
          null,
          1,
          0,
          null,
          null
        ],
        "branches": {
        }
      },
      "/home/guy/Desktop/final_assignment/roastme-server/app/controllers/recipe_controller.rb": {
        "lines": [
          null,
          null,
          1,
          1,
          null,
          1,
          0,
          null,
          0,
          null,
          null,
          1,
          0,
          0,
          0,
          0,
          null,
          0,
          null,
          null,
          null,
          null,
          null,
          1,
          0,
          null,
          0,
          0,
          0,
          null,
          0,
          null,
          null,
          null,
          1,
          0,
          0,
          0,
          null,
          0,
          null,
          null,
          null,
          1,
          null,
          1,
          0,
          null,
          null,
          1,
          0,
          null,
          null
        ],
        "branches": {
          "[:if, 0, 14, 4, 19, 7]": {
            "[:then, 1, 15, 6, 16, 57]": 0,
            "[:else, 2, 18, 6, 18, 80]": 0
          },
          "[:if, 3, 27, 4, 32, 7]": {
            "[:then, 4, 28, 6, 29, 57]": 0,
            "[:else, 5, 31, 6, 31, 58]": 0
          },
          "[:if, 6, 37, 4, 41, 7]": {
            "[:then, 7, 38, 6, 38, 59]": 0,
            "[:else, 8, 40, 6, 40, 52]": 0
          }
        }
      },
      "/home/guy/Desktop/final_assignment/roastme-server/app/controllers/status_controller.rb": {
        "lines": [
          null,
          null,
          1,
          1,
          null,
          1,
          0,
          null,
          null,
          1,
          0,
          null,
          null
        ],
        "branches": {
        }
      },
      "/home/guy/Desktop/final_assignment/roastme-server/app/controllers/tags_controller.rb": {
        "lines": [
          null,
          null,
          1,
          1,
          null,
          1,
          0,
          0,
          null,
          null,
          1,
          0,
          0,
          0,
          null,
          0,
          0,
          null,
          0,
          0,
          null,
          0,
          0,
          0,
          null,
          null,
          null,
          0,
          0,
          null,
          0,
          null,
          null,
          null
        ],
        "branches": {
          "[:if, 0, 16, 4, 26, 7]": {
            "[:then, 1, 17, 6, 25, 9]": 0,
            "[:else, 2, 16, 4, 26, 7]": 0
          },
          "[:if, 3, 28, 4, 32, 7]": {
            "[:then, 4, 29, 6, 29, 53]": 0,
            "[:else, 5, 31, 6, 31, 55]": 0
          }
        }
      },
      "/home/guy/Desktop/final_assignment/roastme-server/app/controllers/user_controller.rb": {
        "lines": [
          null,
          null,
          1,
          1,
          1,
          0,
          0,
          null,
          null,
          1,
          0,
          0,
          null,
          null,
          1,
          null,
          1,
          0,
          null,
          null
        ],
        "branches": {
        }
      },
      "/home/guy/Desktop/final_assignment/roastme-server/app/controllers/user_token_controller.rb": {
        "lines": [
          null,
          null,
          1,
          null
        ],
        "branches": {
        }
      },
      "/home/guy/Desktop/final_assignment/roastme-server/app/models/favourite.rb": {
        "lines": [
          null,
          null,
          1,
          1,
          1,
          1,
          null
        ],
        "branches": {
        }
      },
      "/home/guy/Desktop/final_assignment/roastme-server/app/models/application_record.rb": {
        "lines": [
          null,
          null,
          1,
          1,
          null
        ],
        "branches": {
        }
      },
      "/home/guy/Desktop/final_assignment/roastme-server/app/models/favourites_recipe.rb": {
        "lines": [
          null,
          null,
          1,
          1,
          1,
          null
        ],
        "branches": {
        }
      },
      "/home/guy/Desktop/final_assignment/roastme-server/app/models/following.rb": {
        "lines": [
          null,
          null,
          1,
          1,
          1,
          1,
          null
        ],
        "branches": {
        }
      },
      "/home/guy/Desktop/final_assignment/roastme-server/app/models/followings_user.rb": {
        "lines": [
          null,
          null,
          1,
          1,
          1,
          null
        ],
        "branches": {
        }
      },
      "/home/guy/Desktop/final_assignment/roastme-server/app/models/ingredient.rb": {
        "lines": [
          null,
          null,
          1,
          null,
          1,
          null,
          null,
          1,
          1,
          null
        ],
        "branches": {
        }
      },
      "/home/guy/Desktop/final_assignment/roastme-server/app/models/post.rb": {
        "lines": [
          1,
          null,
          1,
          null,
          null,
          1,
          1,
          null
        ],
        "branches": {
        }
      },
      "/home/guy/Desktop/final_assignment/roastme-server/app/models/recipe.rb": {
        "lines": [
          1,
          null,
          1,
          1,
          null,
          1,
          1,
          null,
          null,
          null,
          1,
          null,
          1,
          1,
          null,
          1,
          1,
          null,
          1,
          1,
          null,
          1,
          null,
          1,
          null
        ],
        "branches": {
        }
      },
      "/home/guy/Desktop/final_assignment/roastme-server/app/models/recipes_ingredient.rb": {
        "lines": [
          null,
          null,
          1,
          1,
          1,
          null
        ],
        "branches": {
        }
      },
      "/home/guy/Desktop/final_assignment/roastme-server/app/models/recipes_tag.rb": {
        "lines": [
          null,
          null,
          1,
          1,
          1,
          null
        ],
        "branches": {
        }
      },
      "/home/guy/Desktop/final_assignment/roastme-server/app/models/tag.rb": {
        "lines": [
          1,
          null,
          1,
          1,
          null,
          1,
          null,
          null,
          1,
          1,
          null
        ],
        "branches": {
        }
      },
      "/home/guy/Desktop/final_assignment/roastme-server/app/models/user.rb": {
        "lines": [
          null,
          null,
          1,
          null,
          1,
          1,
          1,
          null,
          null,
          1,
          1,
          null,
          1,
          null,
          1,
          1,
          1,
          null,
          1,
          null,
          null,
          1,
          1,
          null,
          1,
          1,
          null,
          null,
          1,
          null,
          1,
          2,
          null,
          null,
          1,
          2,
          null,
          null
        ],
        "branches": {
        }
      },
      "/home/guy/Desktop/final_assignment/roastme-server/app/jobs/application_job.rb": {
        "lines": [
          null,
          null,
          0,
          null,
          null,
          null,
          null,
          null,
          0
        ],
        "branches": {
        }
      },
      "/home/guy/Desktop/final_assignment/roastme-server/app/channels/application_cable/connection.rb": {
        "lines": [
          null,
          null,
          0,
          0,
          0,
          0
        ],
        "branches": {
        }
      },
      "/home/guy/Desktop/final_assignment/roastme-server/app/channels/application_cable/channel.rb": {
        "lines": [
          null,
          null,
          0,
          0,
          0,
          0
        ],
        "branches": {
        }
      },
      "/home/guy/Desktop/final_assignment/roastme-server/app/mailers/application_mailer.rb": {
        "lines": [
          null,
          null,
          0,
          0,
          0,
          0
        ],
        "branches": {
        }
      }
    },
    "timestamp": 1596045309
  }
}
